Build started 1/27/2015 9:45:57 PM.
     1>Project "C:\Users\tydro\Desktop\The-Legends\The Legends\The Legends.vcxproj" on node 2 (Build target(s)).
     1>ClCompile:
         C:\Program Files (x86)\Microsoft Visual Studio 12.0\VC\bin\CL.exe /c /I"C:\Users\tydro\Desktop\The-Legends\\libraries\SDL2_image-2.0.0\include" /I"C:\Users\tydro\Desktop\The-Legends\\libraries\SDL2_mixer-2.0.0\include" /I"C:\Users\tydro\Desktop\The-Legends\\libraries\SDL2-2.0.0\include" /I"C:\Users\tydro\Desktop\The-Legends\\libraries\SDL2_ttf-2.0.12\include" /I"C:\Program Files (x86)\Visual Leak Detector\include" /ZI /nologo /W3 /WX- /sdl /Od /Oy- /D WIN32 /D _DEBUG /D _CONSOLE /D _LIB /D _MBCS /Gm /EHsc /RTC1 /MDd /GS /fp:precise /Zc:wchar_t /Zc:forScope /Fo"Debug\\" /Fd"Debug\vc120.pdb" /Gd /TP /analyze- /errorReport:prompt Cmain.cpp Environment.cpp MouseSprite.cpp Players.cpp Sprite.cpp TheLegends.cpp Tree.cpp mainCharacter.cpp
         MouseSprite.cpp
     1>c:\users\tydro\desktop\the-legends\the legends\mousesprite.cpp(16): warning C4244: '=' : conversion from 'float' to 'int', possible loss of data
     1>c:\users\tydro\desktop\the-legends\the legends\mousesprite.cpp(17): warning C4244: '=' : conversion from 'float' to 'int', possible loss of data
     1>c:\users\tydro\desktop\the-legends\the legends\mousesprite.cpp(18): warning C4244: 'argument' : conversion from 'float' to 'int', possible loss of data
     1>c:\users\tydro\desktop\the-legends\the legends\mousesprite.cpp(19): warning C4244: 'argument' : conversion from 'float' to 'int', possible loss of data
         Generating Code...
         Compiling...
         mainCharacter.cpp
     1>c:\users\tydro\desktop\the-legends\the legends\maincharacter.cpp(39): warning C4244: '=' : conversion from 'double' to 'float', possible loss of data
     1>c:\users\tydro\desktop\the-legends\the legends\maincharacter.cpp(90): warning C4018: '<' : signed/unsigned mismatch
         Tree.cpp
         TheLegends.cpp
         Sprite.cpp
     1>c:\users\tydro\desktop\the-legends\the legends\sprite.cpp(32): warning C4244: '=' : conversion from 'int' to 'float', possible loss of data
     1>c:\users\tydro\desktop\the-legends\the legends\sprite.cpp(33): warning C4244: '=' : conversion from 'int' to 'float', possible loss of data
     1>c:\users\tydro\desktop\the-legends\the legends\sprite.cpp(44): warning C4244: '=' : conversion from 'float' to 'int', possible loss of data
     1>c:\users\tydro\desktop\the-legends\the legends\sprite.cpp(45): warning C4244: '=' : conversion from 'float' to 'int', possible loss of data
     1>c:\users\tydro\desktop\the-legends\the legends\sprite.cpp(85): warning C4244: '=' : conversion from 'float' to 'int', possible loss of data
     1>c:\users\tydro\desktop\the-legends\the legends\sprite.cpp(86): warning C4244: '=' : conversion from 'float' to 'int', possible loss of data
     1>c:\users\tydro\desktop\the-legends\the legends\sprite.cpp(87): warning C4244: 'argument' : conversion from 'float' to 'int', possible loss of data
     1>c:\users\tydro\desktop\the-legends\the legends\sprite.cpp(88): warning C4244: 'argument' : conversion from 'float' to 'int', possible loss of data
     1>c:\users\tydro\desktop\the-legends\the legends\sprite.cpp(94): warning C4244: '=' : conversion from 'float' to 'int', possible loss of data
     1>c:\users\tydro\desktop\the-legends\the legends\sprite.cpp(95): warning C4244: '=' : conversion from 'float' to 'int', possible loss of data
     1>c:\users\tydro\desktop\the-legends\the legends\sprite.cpp(96): warning C4244: 'argument' : conversion from 'float' to 'int', possible loss of data
     1>c:\users\tydro\desktop\the-legends\the legends\sprite.cpp(97): warning C4244: 'argument' : conversion from 'float' to 'int', possible loss of data
         Players.cpp
         Environment.cpp
     1>c:\users\tydro\desktop\the-legends\the legends\environment.cpp(31): warning C4554: '&' : check operator precedence for possible error; use parentheses to clarify precedence
         Cmain.cpp
         Generating Code...
       Link:
         C:\Program Files (x86)\Microsoft Visual Studio 12.0\VC\bin\link.exe /ERRORREPORT:PROMPT /OUT:"C:\Users\tydro\Desktop\The-Legends\Debug\The Legends.exe" /INCREMENTAL /NOLOGO /LIBPATH:"C:\Users\tydro\Desktop\The-Legends\\libraries\SDL2-2.0.0\lib\x86" /LIBPATH:"C:\Users\tydro\Desktop\The-Legends\\libraries\SDL2_mixer-2.0.0\lib\x86" /LIBPATH:"C:\Users\tydro\Desktop\The-Legends\\libraries\SDL2_ttf-2.0.12\lib\x86" /LIBPATH:"C:\Users\tydro\Desktop\The-Legends\\libraries\SDL2_image-2.0.0\lib\x86" /LIBPATH:"C:\Program Files (x86)\Visual Leak Detector\lib\Win32" SDL2_image.lib SDL2_mixer.lib SDL2.lib SDL2main.lib SDL2_ttf.lib kernel32.lib user32.lib gdi32.lib winspool.lib comdlg32.lib advapi32.lib shell32.lib ole32.lib oleaut32.lib uuid.lib odbc32.lib odbccp32.lib /MANIFEST /MANIFESTUAC:"level='asInvoker' uiAccess='false'" /manifest:embed /DEBUG /PDB:"C:\Users\tydro\Desktop\The-Legends\Debug\The Legends.pdb" /SUBSYSTEM:CONSOLE /TLBID:1 /DYNAMICBASE /NXCOMPAT /IMPLIB:"C:\Users\tydro\Desktop\The-Legends\Debug\The Legends.lib" /MACHINE:X86 Debug\Cmain.obj
         Debug\CollisionRect.obj
         Debug\Debug.obj
         Debug\Environment.obj
         Debug\mainCharacter.obj
         Debug\MouseSprite.obj
         Debug\Players.obj
         Debug\Point.obj
         Debug\Sprite.obj
         Debug\TheLegends.obj
         Debug\TL_Engine.obj
         Debug\Tree.obj
     1>MSVCRTD.lib(cinitexe.obj) : warning LNK4098: defaultlib 'msvcrt.lib' conflicts with use of other libs; use /NODEFAULTLIB:library
         The Legends.vcxproj -> C:\Users\tydro\Desktop\The-Legends\Debug\The Legends.exe
     1>Done Building Project "C:\Users\tydro\Desktop\The-Legends\The Legends\The Legends.vcxproj" (Build target(s)).

Build succeeded.

Time Elapsed 00:00:02.99
