c:\users\tydro\desktop\the legends\the legends\debug\vc120.pdb
c:\users\tydro\desktop\the legends\the legends\debug\vc120.idb
c:\users\tydro\desktop\the legends\the legends\debug\cmain.obj
c:\users\tydro\desktop\the legends\the legends\debug\collisionrect.obj
c:\users\tydro\desktop\the legends\the legends\debug\environment.obj
c:\users\tydro\desktop\the legends\the legends\debug\main.obj
c:\users\tydro\desktop\the legends\the legends\debug\maincharacter.obj
c:\users\tydro\desktop\the legends\the legends\debug\sprite.obj
c:\users\tydro\desktop\the legends\the legends\debug\thelegends.obj
c:\users\tydro\desktop\the legends\the legends\debug\tl_engine.obj
c:\users\tydro\desktop\the legends\the legends\debug\tree.obj
c:\users\tydro\desktop\the legends\debug\the legends.ilk
c:\users\tydro\desktop\the legends\debug\the legends.exe
c:\users\tydro\desktop\the legends\debug\the legends.pdb
c:\users\tydro\desktop\the legends\the legends\debug\the legends.tlog\cl.command.1.tlog
c:\users\tydro\desktop\the legends\the legends\debug\the legends.tlog\cl.read.1.tlog
c:\users\tydro\desktop\the legends\the legends\debug\the legends.tlog\cl.write.1.tlog
c:\users\tydro\desktop\the legends\the legends\debug\the legends.tlog\link.command.1.tlog
c:\users\tydro\desktop\the legends\the legends\debug\the legends.tlog\link.read.1.tlog
c:\users\tydro\desktop\the legends\the legends\debug\the legends.tlog\link.write.1.tlog
